<?xml version="1.0" encoding="UTF-8"?>
<!-- Generated by org.testng.reporters.JUnitReportReporter -->
<testsuite hostname="HarshadHP" failures="0" tests="1" name="basics.OrganizationsTest" time="6.093" errors="0" timestamp="2024-03-16T12:21:27 IST" skipped="0">
  <testcase classname="basics.OrganizationsTest" name="createOrganizationsTest" time="6.093"/>
</testsuite> <!-- basics.OrganizationsTest -->
